2025-01-08 13:22:29,946 - INFO - Starting the YARA Scanner Tool...
2025-01-08 13:22:32,271 - INFO - Exiting the YARA Scanner Tool.
2025-01-08 14:07:41,628 - INFO - Starting the YARA Scanner Tool...
2025-01-08 14:07:53,378 - ERROR - Error scanning file new: Error scanning file new: could not open file "new"
2025-01-08 14:08:01,400 - INFO - Matches found in folder: rules
2025-01-08 14:08:01,400 - ERROR - Error scanning folder rules: send_malware_alert() missing 3 required positional arguments: 'receipt_email', 'malware_details', and 'match'
2025-01-08 14:09:01,724 - INFO - Exiting the YARA Scanner Tool.
2025-01-08 14:09:58,696 - INFO - Starting the YARA Scanner Tool...
2025-01-08 14:10:06,733 - INFO - Matches found in folder: rules
2025-01-08 14:10:06,733 - ERROR - Error scanning folder rules: send_malware_alert() missing 3 required positional arguments: 'receipt_email', 'malware_details', and 'match'
2025-01-08 14:12:13,672 - INFO - Starting the YARA Scanner Tool...
2025-01-08 14:12:20,077 - ERROR - File not found: ne
2025-01-08 14:12:24,182 - INFO - Matches found in folder: rules
2025-01-08 14:12:24,183 - ERROR - Error scanning folder rules: send_malware_alert() missing 1 required positional argument: 'match'
2025-01-08 14:13:00,075 - INFO - Exiting the YARA Scanner Tool.
2025-01-08 14:13:10,136 - INFO - Starting the YARA Scanner Tool...
2025-01-08 14:13:13,552 - INFO - Matches found in folder: rules
2025-01-08 14:13:29,639 - INFO - Exiting the YARA Scanner Tool.
2025-01-08 14:13:46,475 - INFO - Starting the YARA Scanner Tool...
2025-01-08 14:13:51,026 - INFO - Matches found in folder: rules
2025-01-08 14:13:59,285 - INFO - Exiting the YARA Scanner Tool.
2025-01-08 14:22:01,800 - INFO - Starting the YARA Scanner Tool...
2025-01-08 14:22:01,801 - INFO - Sender credentials loaded successfully.
2025-01-08 14:22:01,801 - INFO - Receipt email loaded: harishankar3618@gmail.com
2025-01-08 14:22:05,529 - INFO - Matches found in folder: rules
2025-01-08 14:22:10,028 - INFO - Malware alert email sent for folder scan.
2025-01-08 14:22:32,867 - INFO - Exiting the YARA Scanner Tool.
2025-01-08 14:22:37,376 - INFO - Starting the YARA Scanner Tool...
2025-01-08 14:22:37,376 - INFO - Sender credentials loaded successfully.
2025-01-08 14:22:46,535 - INFO - Receipt email loaded: harishankar3618@gmail.com
2025-01-08 14:31:53,322 - INFO - Starting the YARA Scanner Tool...
2025-01-08 14:31:53,322 - INFO - Sender credentials loaded successfully.
2025-01-08 14:32:18,967 - INFO - Receipt email loaded: harishankar3618@gmail.com
2025-01-08 14:32:28,456 - INFO - Matches found in folder: rules
2025-01-08 14:32:31,152 - INFO - Malware alert email sent for folder scan.
2025-01-08 14:32:35,291 - INFO - Exiting the YARA Scanner Tool.
2025-01-08 15:06:46,669 - INFO - Sender credentials loaded successfully.
2025-01-08 15:06:46,670 - INFO - Receipt email loaded: harishankar3618@gmail.com
2025-01-08 15:06:46,697 - INFO - No matches found in file: main.py
2025-01-08 15:07:09,336 - INFO - Sender credentials loaded successfully.
2025-01-08 15:07:09,336 - INFO - Receipt email loaded: harishankar3618@gmail.com
2025-01-08 15:07:09,362 - INFO - No matches found in file: main.py
2025-01-08 16:13:37,125 - INFO - Sender credentials loaded successfully.
2025-01-08 16:13:37,125 - ERROR - Error initializing YARA Scanner: [Errno 2] No such file or directory: '/var/www/Malware_Analysis/Project/rules'
2025-01-08 16:13:59,037 - INFO - Sender credentials loaded successfully.
2025-01-08 16:13:59,067 - INFO - No matches found in file: scanner.py
2025-01-08 16:16:45,368 - INFO - Sender credentials loaded successfully.
2025-01-08 16:16:45,397 - INFO - No matches found in file: scanner.py
2025-01-08 16:17:01,853 - INFO - Sender credentials loaded successfully.
2025-01-08 16:17:01,881 - INFO - No matches found in file: scanner.py
